max_RR: 0.9796069705448178, delete group is 2
[0, 1, 3, 4, 5, 6, 7, 8, 9, 10, 11, 12, 13, 14, 15, 16, 17, 18, 19, 20, 21, 22]
max_RR: 0.9801748644772502, delete group is 13
[0, 1, 3, 4, 5, 6, 7, 8, 9, 10, 11, 12, 14, 15, 16, 17, 18, 19, 20, 21, 22]
max_RR: 0.9805420622840681, delete group is 7
[0, 1, 3, 4, 5, 6, 8, 9, 10, 11, 12, 14, 15, 16, 17, 18, 19, 20, 21, 22]
max_RR: 0.9810888139785064, delete group is 5
[0, 1, 3, 4, 6, 8, 9, 10, 11, 12, 14, 15, 16, 17, 18, 19, 20, 21, 22]
max_RR: 0.9814506722778176, delete group is 20
[0, 1, 3, 4, 6, 8, 9, 10, 11, 12, 14, 15, 16, 17, 18, 19, 21, 22]
max_RR: 0.9817153923487693, delete group is 9
[0, 1, 3, 4, 6, 8, 10, 11, 12, 14, 15, 16, 17, 18, 19, 21, 22]
max_RR: 0.9818147809300802, delete group is 12
[0, 1, 3, 4, 6, 8, 10, 11, 14, 15, 16, 17, 18, 19, 21, 22]
max_RR: 0.9818195730725157, delete group is 16
[0, 1, 3, 4, 6, 8, 10, 11, 14, 15, 17, 18, 19, 21, 22]
max_RR: 0.9817915329535529, delete group is 0
[1, 3, 4, 6, 8, 10, 11, 14, 15, 17, 18, 19, 21, 22]
max_RR: 0.9817626869286755, delete group is 22
[1, 3, 4, 6, 8, 10, 11, 14, 15, 17, 18, 19, 21]
max_RR: 0.9815018209907385, delete group is 21
[1, 3, 4, 6, 8, 10, 11, 14, 15, 17, 18, 19]
max_RR: 0.981093535788296, delete group is 15
[1, 3, 4, 6, 8, 10, 11, 14, 17, 18, 19]
max_RR: 0.9808050554808522, delete group is 17
[1, 3, 4, 6, 8, 10, 11, 14, 18, 19]
max_RR: 0.9801375246747204, delete group is 8
[1, 3, 4, 6, 10, 11, 14, 18, 19]
max_RR: 0.9798751378558891, delete group is 3
[1, 4, 6, 10, 11, 14, 18, 19]
max_RR: 0.9791132616337636, delete group is 19
[1, 4, 6, 10, 11, 14, 18]
max_RR: 0.9786971152339407, delete group is 11
[1, 4, 6, 10, 14, 18]
max_RR: 0.9786637250878173, delete group is 1
[4, 6, 10, 14, 18]
max_RR: 0.9776261851679524, delete group is 6
[4, 10, 14, 18]
max_RR: 0.9749030427652858, delete group is 4
[10, 14, 18]
max_RR: 0.9580225395723487, delete group is 18
[10, 14]
max_RR: 0.8811652874488419, delete group is 10
[14]

the best groups: [1, 3, 4, 6, 8, 10, 11, 14, 15, 17, 18, 19]
R2_max:0.9818195730725157, b_len: 12
rmse_min: 2.076365604538019, b_len: 16
the spent time is 3.1889796257019043 seconds
